"words" 1 0.01
Another 1 0.01
For 1 0.01
HELLO 1 0.01
Hello! 1 0.01
However, 2 0.019
So 1 0.01
This 2 0.019
a 1 0.01
all, 1 0.01
also 1 0.01
analysis 1 0.01
analyzing 1 0.01
and 1 0.01
any 1 0.01
at 1 0.01
be 1 0.01
before 1 0.01
consider 1 0.01
considered 1 0.01
count 1 0.01
different 2 0.019
differently 1 0.01
does 1 0.01
example, 1 0.01
file! 1 0.01
file. 1 0.01
for 1 0.01
frequency 1 0.01
from 3 0.029
hello 1 0.01
in 3 0.029
instance 1 0.01
is 7 0.067
it 2 0.019
limitation 2 0.019
might 1 0.01
more 1 0.01
normalize 1 0.01
normalized 1 0.01
not 2 0.019
note 1 0.01
now 1 0.01
number 1 0.01
of 2 0.019
one 1 0.01
other 1 0.01
our 1 0.01
plain 1 0.01
program 2 0.019
program. 1 0.01
punctuation 1 0.01
purposes, 1 0.01
quotes 1 0.01
removed 1 0.01
so 1 0.01
sometimes 1 0.01
text 1 0.01
text. 1 0.01
that 3 0.029
the 7 0.067
to 4 0.038
useful 1 0.01
want 1 0.01
we 1 0.01
well 1 0.01
well. 1 0.01
which 1 0.01
will 1 0.01
word 2 0.019
words 2 0.019
words. 1 0.01
works 2 0.019
